24/10/2022 10:15:07	This log contains information about the import schema operation into project 'PIN-HRPROD' on computer 'SAIRAM' by user 'NagaKosuri'.
24/10/2022 10:15:08	Import of database schema has started.
24/10/2022 10:15:24	Gathering database credentials
24/10/2022 10:15:24	Gathering database options
24/10/2022 10:15:24	Gathering generic database scoped configuration option
24/10/2022 10:15:24	Gathering users
24/10/2022 10:15:24	Gathering roles
24/10/2022 10:15:24	Gathering application roles
24/10/2022 10:15:24	Gathering role memberships
24/10/2022 10:15:24	Gathering filegroups
24/10/2022 10:15:24	Gathering full-text catalogs
24/10/2022 10:15:24	Gathering assemblies
24/10/2022 10:15:24	Gathering certificates
24/10/2022 10:15:24	Gathering symmetric keys
24/10/2022 10:15:24	Gathering encrypted symmetric keys
24/10/2022 10:15:24	Gathering schemas
24/10/2022 10:15:24	Gathering XML schema collections
24/10/2022 10:15:24	Gathering user-defined data types
24/10/2022 10:15:24	Gathering user-defined types
24/10/2022 10:15:24	Gathering table types
24/10/2022 10:15:24	Gathering unique keys for table types
24/10/2022 10:15:24	Gathering primary keys for table types
24/10/2022 10:15:24	Gathering indexes for table types
24/10/2022 10:15:24	Gathering check constraints for table types
24/10/2022 10:15:24	Gathering default constraints for table types
24/10/2022 10:15:24	Gathering partition functions
24/10/2022 10:15:24	Gathering partition schemes
24/10/2022 10:15:24	Gathering functions
24/10/2022 10:15:24	Gathering encrypted functions
24/10/2022 10:15:24	Gathering aggregates
24/10/2022 10:15:24	Gathering procedures
24/10/2022 10:15:24	Gathering encrypted procedures
24/10/2022 10:15:24	Gathering tables
24/10/2022 10:15:25	Gathering primary keys
24/10/2022 10:15:25	Gathering unique constraints
24/10/2022 10:15:25	Gathering foreign keys
24/10/2022 10:15:25	Gathering default constraints
24/10/2022 10:15:25	Gathering check constraints
24/10/2022 10:15:25	Gathering views
24/10/2022 10:15:25	Gathering encrypted views
24/10/2022 10:15:25	Gathering indexes
24/10/2022 10:15:25	Gathering statistics
24/10/2022 10:15:25	Gathering full-text index stoplists
24/10/2022 10:15:25	Gathering search property lists
24/10/2022 10:15:25	Gathering search properties
24/10/2022 10:15:25	Gathering full-text indexes
24/10/2022 10:15:25	Gathering column store indexes
24/10/2022 10:15:25	Gathering spatial indexes
24/10/2022 10:15:25	Gathering XML indexes
24/10/2022 10:15:25	Gathering Selective XML indexes
24/10/2022 10:15:25	Gathering encrypted triggers
24/10/2022 10:15:25	Gathering triggers
24/10/2022 10:15:25	Gathering encrypted and clr ddl triggers
24/10/2022 10:15:25	Gathering ddl triggers
24/10/2022 10:15:25	Creating edge constraints
24/10/2022 10:15:25	Gathering synonyms
24/10/2022 10:15:25	Gathering defaults
24/10/2022 10:15:25	Gathering data constraint uddt bindings
24/10/2022 10:15:25	Gathering rules
24/10/2022 10:15:25	Gathering data constraint uddt bindings
24/10/2022 10:15:25	Gathering message types
24/10/2022 10:15:25	Gathering queues
24/10/2022 10:15:25	Gathering contracts
24/10/2022 10:15:25	Gathering services
24/10/2022 10:15:25	Gathering event notifications
24/10/2022 10:15:25	Gathering remote service bindings
24/10/2022 10:15:25	Gathering broker priorities
24/10/2022 10:15:25	Gathering signatures
24/10/2022 10:15:25	Gathering data compression options
24/10/2022 10:15:25	Gathering sequence types
24/10/2022 10:15:25	Gathering security policies
24/10/2022 10:15:25	Gather column encryption keys
24/10/2022 10:15:25	Gathering column master keys
24/10/2022 10:15:25	Gathering external data sources
24/10/2022 10:15:25	Gathering external tables
24/10/2022 10:15:25	Gathering extended properties
24/10/2022 10:15:25	Gathering assemblies
24/10/2022 10:15:27	Scanning project for duplicate elements
24/10/2022 10:15:27	Finished duplicate element processing
24/10/2022 10:15:29	Finished importing database.
24/10/2022 10:15:29	A summary of the import was saved to the following location: D:\PhaidonInternational\OneDrive - Phaidon International\SQL\PIN-HRPROD\PIN-HRPROD\Import Schema Logs\PIN-HRPROD_20221024091507.log
24/10/2022 10:15:29	Click Finish to continue...
